Performing C SOURCE FILE Test CMAKE_HAVE_LIBC_PTHREAD failed with the following output:
Change Dir: /home/morgana/programs/projects/mandelbrot/gpu/build/CMakeFiles/CMakeTmp

Run Build Command(s):/usr/bin/gmake cmTC_ea696/fast && /usr/bin/gmake  -f CMakeFiles/cmTC_ea696.dir/build.make CMakeFiles/cmTC_ea696.dir/build
gmake[1]: Entering directory '/home/morgana/programs/projects/mandelbrot/gpu/build/CMakeFiles/CMakeTmp'
Building C object CMakeFiles/cmTC_ea696.dir/src.c.o
/usr/bin/cc   -fPIC -DCMAKE_HAVE_LIBC_PTHREAD -o CMakeFiles/cmTC_ea696.dir/src.c.o -c /home/morgana/programs/projects/mandelbrot/gpu/build/CMakeFiles/CMakeTmp/src.c
Linking C executable cmTC_ea696
/usr/bin/cmake -E cmake_link_script CMakeFiles/cmTC_ea696.dir/link.txt --verbose=1
/usr/bin/cc -fPIC -DCMAKE_HAVE_LIBC_PTHREAD CMakeFiles/cmTC_ea696.dir/src.c.o -o cmTC_ea696 
/usr/bin/ld: CMakeFiles/cmTC_ea696.dir/src.c.o: in function `main':
src.c:(.text+0x2f): undefined reference to `pthread_create'
/usr/bin/ld: src.c:(.text+0x3b): undefined reference to `pthread_detach'
/usr/bin/ld: src.c:(.text+0x47): undefined reference to `pthread_cancel'
/usr/bin/ld: src.c:(.text+0x58): undefined reference to `pthread_join'
collect2: error: ld returned 1 exit status
gmake[1]: *** [CMakeFiles/cmTC_ea696.dir/build.make:106: cmTC_ea696] Error 1
gmake[1]: Leaving directory '/home/morgana/programs/projects/mandelbrot/gpu/build/CMakeFiles/CMakeTmp'
gmake: *** [Makefile:140: cmTC_ea696/fast] Error 2


Source file was:
#include <pthread.h>

void* test_func(void* data)
{
  return data;
}

int main(void)
{
  pthread_t thread;
  pthread_create(&thread, NULL, test_func, NULL);
  pthread_detach(thread);
  pthread_cancel(thread);
  pthread_join(thread, NULL);
  pthread_atfork(NULL, NULL, NULL);
  pthread_exit(NULL);

  return 0;
}

Determining if the function pthread_create exists in the pthreads failed with the following output:
Change Dir: /home/morgana/programs/projects/mandelbrot/gpu/build/CMakeFiles/CMakeTmp

Run Build Command(s):/usr/bin/gmake cmTC_38f97/fast && /usr/bin/gmake  -f CMakeFiles/cmTC_38f97.dir/build.make CMakeFiles/cmTC_38f97.dir/build
gmake[1]: Entering directory '/home/morgana/programs/projects/mandelbrot/gpu/build/CMakeFiles/CMakeTmp'
Building C object CMakeFiles/cmTC_38f97.dir/CheckFunctionExists.c.o
/usr/bin/cc   -fPIC -DCHECK_FUNCTION_EXISTS=pthread_create -o CMakeFiles/cmTC_38f97.dir/CheckFunctionExists.c.o -c /usr/share/cmake-3.18/Modules/CheckFunctionExists.c
Linking C executable cmTC_38f97
/usr/bin/cmake -E cmake_link_script CMakeFiles/cmTC_38f97.dir/link.txt --verbose=1
/usr/bin/cc -fPIC -DCHECK_FUNCTION_EXISTS=pthread_create CMakeFiles/cmTC_38f97.dir/CheckFunctionExists.c.o -o cmTC_38f97  -lpthreads 
/usr/bin/ld: cannot find -lpthreads
collect2: error: ld returned 1 exit status
gmake[1]: *** [CMakeFiles/cmTC_38f97.dir/build.make:106: cmTC_38f97] Error 1
gmake[1]: Leaving directory '/home/morgana/programs/projects/mandelbrot/gpu/build/CMakeFiles/CMakeTmp'
gmake: *** [Makefile:140: cmTC_38f97/fast] Error 2



Performing C SOURCE FILE Test CMAKE_HAVE_LIBC_PTHREAD failed with the following output:
Change Dir: /home/morgana/programs/projects/mandelbrot/gpu/build/CMakeFiles/CMakeTmp

Run Build Command(s):/usr/bin/gmake cmTC_1c4e8/fast && /usr/bin/gmake  -f CMakeFiles/cmTC_1c4e8.dir/build.make CMakeFiles/cmTC_1c4e8.dir/build
gmake[1]: Entering directory '/home/morgana/programs/projects/mandelbrot/gpu/build/CMakeFiles/CMakeTmp'
Building C object CMakeFiles/cmTC_1c4e8.dir/src.c.o
/usr/bin/cc   -fPIC -DCMAKE_HAVE_LIBC_PTHREAD -o CMakeFiles/cmTC_1c4e8.dir/src.c.o -c /home/morgana/programs/projects/mandelbrot/gpu/build/CMakeFiles/CMakeTmp/src.c
Linking C executable cmTC_1c4e8
/usr/bin/cmake -E cmake_link_script CMakeFiles/cmTC_1c4e8.dir/link.txt --verbose=1
/usr/bin/cc -fPIC -DCMAKE_HAVE_LIBC_PTHREAD CMakeFiles/cmTC_1c4e8.dir/src.c.o -o cmTC_1c4e8 
/usr/bin/ld: CMakeFiles/cmTC_1c4e8.dir/src.c.o: in function `main':
src.c:(.text+0x2f): undefined reference to `pthread_create'
/usr/bin/ld: src.c:(.text+0x3b): undefined reference to `pthread_detach'
/usr/bin/ld: src.c:(.text+0x47): undefined reference to `pthread_cancel'
/usr/bin/ld: src.c:(.text+0x58): undefined reference to `pthread_join'
collect2: error: ld returned 1 exit status
gmake[1]: *** [CMakeFiles/cmTC_1c4e8.dir/build.make:106: cmTC_1c4e8] Error 1
gmake[1]: Leaving directory '/home/morgana/programs/projects/mandelbrot/gpu/build/CMakeFiles/CMakeTmp'
gmake: *** [Makefile:140: cmTC_1c4e8/fast] Error 2


Source file was:
#include <pthread.h>

void* test_func(void* data)
{
  return data;
}

int main(void)
{
  pthread_t thread;
  pthread_create(&thread, NULL, test_func, NULL);
  pthread_detach(thread);
  pthread_cancel(thread);
  pthread_join(thread, NULL);
  pthread_atfork(NULL, NULL, NULL);
  pthread_exit(NULL);

  return 0;
}

Determining if the function pthread_create exists in the pthreads failed with the following output:
Change Dir: /home/morgana/programs/projects/mandelbrot/gpu/build/CMakeFiles/CMakeTmp

Run Build Command(s):/usr/bin/gmake cmTC_ce39c/fast && /usr/bin/gmake  -f CMakeFiles/cmTC_ce39c.dir/build.make CMakeFiles/cmTC_ce39c.dir/build
gmake[1]: Entering directory '/home/morgana/programs/projects/mandelbrot/gpu/build/CMakeFiles/CMakeTmp'
Building C object CMakeFiles/cmTC_ce39c.dir/CheckFunctionExists.c.o
/usr/bin/cc   -fPIC -DCHECK_FUNCTION_EXISTS=pthread_create -o CMakeFiles/cmTC_ce39c.dir/CheckFunctionExists.c.o -c /usr/share/cmake-3.18/Modules/CheckFunctionExists.c
Linking C executable cmTC_ce39c
/usr/bin/cmake -E cmake_link_script CMakeFiles/cmTC_ce39c.dir/link.txt --verbose=1
/usr/bin/cc -fPIC -DCHECK_FUNCTION_EXISTS=pthread_create CMakeFiles/cmTC_ce39c.dir/CheckFunctionExists.c.o -o cmTC_ce39c  -lpthreads 
/usr/bin/ld: cannot find -lpthreads
collect2: error: ld returned 1 exit status
gmake[1]: *** [CMakeFiles/cmTC_ce39c.dir/build.make:106: cmTC_ce39c] Error 1
gmake[1]: Leaving directory '/home/morgana/programs/projects/mandelbrot/gpu/build/CMakeFiles/CMakeTmp'
gmake: *** [Makefile:140: cmTC_ce39c/fast] Error 2



